native-webview/app/build/intermediates/manifest_merge_blame_file/debug/processDebugMainManifest/manifest-merger-blame-debug-report.txt
1<?xml version="1.0" encoding="utf-8"?>
2<manifest xmlns:android="http://schemas.android.com/apk/res/android"
3    package="com.ultraplayer.app"
4    android:versionCode="4"
5    android:versionName="1.3.0" >
6
7    <uses-sdk
8        android:minSdkVersion="21"
9        android:targetSdkVersion="28" />
10
11    <uses-permission android:name="android.permission.INTERNET" />
11-->src/main/AndroidManifest.xml:3:5-67
11-->src/main/AndroidManifest.xml:3:22-64
12    <uses-permission android:name="android.permission.ACCESS_NETWORK_STATE" />
12-->src/main/AndroidManifest.xml:4:5-79
12-->src/main/AndroidManifest.xml:4:22-76
13
14    <application
14-->src/main/AndroidManifest.xml:6:5-28:19
15        android:allowBackup="false"
15-->src/main/AndroidManifest.xml:7:9-36
16        android:debuggable="true"
17        android:extractNativeLibs="true"
18        android:hardwareAccelerated="true"
18-->src/main/AndroidManifest.xml:10:9-43
19        android:icon="@drawable/ic_launcher"
19-->src/main/AndroidManifest.xml:8:9-45
20        android:label="UltraPlayer"
20-->src/main/AndroidManifest.xml:9:9-36
21        android:theme="@style/AppTheme"
21-->src/main/AndroidManifest.xml:12:9-40
22        android:usesCleartextTraffic="true" >
22-->src/main/AndroidManifest.xml:11:9-44
23        <activity
23-->src/main/AndroidManifest.xml:13:9-17:40
24            android:name="com.ultraplayer.app.PlayerActivity"
24-->src/main/AndroidManifest.xml:14:13-43
25            android:configChanges="orientation|screenSize|keyboardHidden"
25-->src/main/AndroidManifest.xml:16:13-74
26            android:exported="false"
26-->src/main/AndroidManifest.xml:17:13-37
27            android:screenOrientation="unspecified" />
27-->src/main/AndroidManifest.xml:15:13-52
28        <activity
28-->src/main/AndroidManifest.xml:18:9-27:20
29            android:name="com.ultraplayer.app.MainActivity"
29-->src/main/AndroidManifest.xml:19:13-41
30            android:configChanges="orientation|screenSize|keyboardHidden"
30-->src/main/AndroidManifest.xml:21:13-74
31            android:exported="true"
31-->src/main/AndroidManifest.xml:22:13-36
32            android:screenOrientation="unspecified" >
32-->src/main/AndroidManifest.xml:20:13-52
33            <intent-filter>
33-->src/main/AndroidManifest.xml:23:13-26:29
34                <action android:name="android.intent.action.MAIN" />
34-->src/main/AndroidManifest.xml:24:17-69
34-->src/main/AndroidManifest.xml:24:25-66
35
36                <category android:name="android.intent.category.LAUNCHER" />
36-->src/main/AndroidManifest.xml:25:17-77
36-->src/main/AndroidManifest.xml:25:27-74
37            </intent-filter>
38        </activity>
39    </application>
40
41</manifest>